Vivado Simulator v2024.1
Copyright 1986-2022 Xilinx, Inc. All Rights Reserved.
Copyright 2022-2024 Advanced Micro Devices, Inc. All Rights Reserved.
Running: /home/itzzinfinity/Xilinx/Vivado/2024.1/bin/unwrapped/lnx64.o/xelab --incr --debug typical --relax --mt 8 -L xil_defaultlib -L unisims_ver -L unimacro_ver -L secureip --snapshot demux_1_to_8_tb_behav xil_defaultlib.demux_1_to_8_tb xil_defaultlib.glbl -log elaborate.log 
Using 8 slave threads.
Starting static elaboration
Pass Through NonSizing Optimizer
Completed static elaboration
Starting simulation data flow analysis
WARNING: [XSIM 43-4099] "/home/itzzinfinity/Cozy Drive/100daysofRTL/day_029/project_1/project_1.srcs/sources_1/new/demux_1_to_8.v" Line 9. Module demux_1_to_8 doesn't have a timescale but at least one module in design has a timescale.
WARNING: [XSIM 43-4099] "/home/itzzinfinity/Cozy Drive/100daysofRTL/day_029/project_1/project_1.srcs/sources_1/new/demux_2_to_1.v" Line 1. Module demux_2_to_1 doesn't have a timescale but at least one module in design has a timescale.
WARNING: [XSIM 43-4099] "/home/itzzinfinity/Cozy Drive/100daysofRTL/day_029/project_1/project_1.srcs/sources_1/new/demux_2_to_1.v" Line 1. Module demux_2_to_1 doesn't have a timescale but at least one module in design has a timescale.
WARNING: [XSIM 43-4099] "/home/itzzinfinity/Cozy Drive/100daysofRTL/day_029/project_1/project_1.srcs/sources_1/new/demux_2_to_1.v" Line 1. Module demux_2_to_1 doesn't have a timescale but at least one module in design has a timescale.
WARNING: [XSIM 43-4099] "/home/itzzinfinity/Cozy Drive/100daysofRTL/day_029/project_1/project_1.srcs/sources_1/new/demux_2_to_1.v" Line 1. Module demux_2_to_1 doesn't have a timescale but at least one module in design has a timescale.
WARNING: [XSIM 43-4099] "/home/itzzinfinity/Cozy Drive/100daysofRTL/day_029/project_1/project_1.srcs/sources_1/new/demux_2_to_1.v" Line 1. Module demux_2_to_1 doesn't have a timescale but at least one module in design has a timescale.
WARNING: [XSIM 43-4099] "/home/itzzinfinity/Cozy Drive/100daysofRTL/day_029/project_1/project_1.srcs/sources_1/new/demux_2_to_1.v" Line 1. Module demux_2_to_1 doesn't have a timescale but at least one module in design has a timescale.
WARNING: [XSIM 43-4099] "/home/itzzinfinity/Cozy Drive/100daysofRTL/day_029/project_1/project_1.srcs/sources_1/new/demux_2_to_1.v" Line 1. Module demux_2_to_1 doesn't have a timescale but at least one module in design has a timescale.
WARNING: [XSIM 43-4099] "/home/itzzinfinity/Cozy Drive/100daysofRTL/day_029/project_1/project_1.srcs/sources_1/new/demux_1_to_8.v" Line 9. Module demux_1_to_8 doesn't have a timescale but at least one module in design has a timescale.
WARNING: [XSIM 43-4099] "/home/itzzinfinity/Cozy Drive/100daysofRTL/day_029/project_1/project_1.srcs/sources_1/new/demux_2_to_1.v" Line 1. Module demux_2_to_1 doesn't have a timescale but at least one module in design has a timescale.
WARNING: [XSIM 43-4099] "/home/itzzinfinity/Cozy Drive/100daysofRTL/day_029/project_1/project_1.srcs/sources_1/new/demux_2_to_1.v" Line 1. Module demux_2_to_1 doesn't have a timescale but at least one module in design has a timescale.
WARNING: [XSIM 43-4099] "/home/itzzinfinity/Cozy Drive/100daysofRTL/day_029/project_1/project_1.srcs/sources_1/new/demux_2_to_1.v" Line 1. Module demux_2_to_1 doesn't have a timescale but at least one module in design has a timescale.
WARNING: [XSIM 43-4099] "/home/itzzinfinity/Cozy Drive/100daysofRTL/day_029/project_1/project_1.srcs/sources_1/new/demux_2_to_1.v" Line 1. Module demux_2_to_1 doesn't have a timescale but at least one module in design has a timescale.
WARNING: [XSIM 43-4099] "/home/itzzinfinity/Cozy Drive/100daysofRTL/day_029/project_1/project_1.srcs/sources_1/new/demux_2_to_1.v" Line 1. Module demux_2_to_1 doesn't have a timescale but at least one module in design has a timescale.
WARNING: [XSIM 43-4099] "/home/itzzinfinity/Cozy Drive/100daysofRTL/day_029/project_1/project_1.srcs/sources_1/new/demux_2_to_1.v" Line 1. Module demux_2_to_1 doesn't have a timescale but at least one module in design has a timescale.
WARNING: [XSIM 43-4099] "/home/itzzinfinity/Cozy Drive/100daysofRTL/day_029/project_1/project_1.srcs/sources_1/new/demux_2_to_1.v" Line 1. Module demux_2_to_1 doesn't have a timescale but at least one module in design has a timescale.
Completed simulation data flow analysis
Time Resolution for simulation is 1ps
Compiling module xil_defaultlib.demux_2_to_1
Compiling module xil_defaultlib.demux_1_to_8
Compiling module xil_defaultlib.demux_1_to_8_tb
Compiling module xil_defaultlib.glbl
Built simulation snapshot demux_1_to_8_tb_behav
