Vivado Simulator v2024.1
Copyright 1986-2022 Xilinx, Inc. All Rights Reserved.
Copyright 2022-2024 Advanced Micro Devices, Inc. All Rights Reserved.
Running: /home/itzzinfinity/Xilinx/Vivado/2024.1/bin/unwrapped/lnx64.o/xelab --incr --debug typical --relax --mt 8 -L xil_defaultlib -L unisims_ver -L unimacro_ver -L secureip --snapshot tb_carry_skip_adder_behav xil_defaultlib.tb_carry_skip_adder xil_defaultlib.glbl -log elaborate.log 
Using 8 slave threads.
Starting static elaboration
Pass Through NonSizing Optimizer
WARNING: [VRFC 10-9543] actual bit length 4 differs from formal bit length 1 for port 'sel' [/home/itzzinfinity/Cozy Drive/100daysofRTL/day_019/project_1/project_1.srcs/sources_1/new/carry_skip_adder.v:23]
Completed static elaboration
Starting simulation data flow analysis
WARNING: [XSIM 43-4099] "/home/itzzinfinity/Cozy Drive/100daysofRTL/day_019/project_1/project_1.srcs/sources_1/new/carry_skip_adder.v" Line 9. Module carry_skip_adder doesn't have a timescale but at least one module in design has a timescale.
WARNING: [XSIM 43-4099] "/home/itzzinfinity/Cozy Drive/100daysofRTL/day_019/project_1/project_1.srcs/sources_1/new/full_adder.v" Line 1. Module full_adder doesn't have a timescale but at least one module in design has a timescale.
WARNING: [XSIM 43-4099] "/home/itzzinfinity/Cozy Drive/100daysofRTL/day_019/project_1/project_1.srcs/sources_1/new/full_adder.v" Line 1. Module full_adder doesn't have a timescale but at least one module in design has a timescale.
WARNING: [XSIM 43-4099] "/home/itzzinfinity/Cozy Drive/100daysofRTL/day_019/project_1/project_1.srcs/sources_1/new/full_adder.v" Line 1. Module full_adder doesn't have a timescale but at least one module in design has a timescale.
WARNING: [XSIM 43-4099] "/home/itzzinfinity/Cozy Drive/100daysofRTL/day_019/project_1/project_1.srcs/sources_1/new/full_adder.v" Line 1. Module full_adder doesn't have a timescale but at least one module in design has a timescale.
WARNING: [XSIM 43-4099] "/home/itzzinfinity/Cozy Drive/100daysofRTL/day_019/project_1/project_1.srcs/sources_1/new/carry_skip_adder.v" Line 9. Module carry_skip_adder doesn't have a timescale but at least one module in design has a timescale.
WARNING: [XSIM 43-4099] "/home/itzzinfinity/Cozy Drive/100daysofRTL/day_019/project_1/project_1.srcs/sources_1/new/full_adder.v" Line 1. Module full_adder doesn't have a timescale but at least one module in design has a timescale.
WARNING: [XSIM 43-4099] "/home/itzzinfinity/Cozy Drive/100daysofRTL/day_019/project_1/project_1.srcs/sources_1/new/full_adder.v" Line 1. Module full_adder doesn't have a timescale but at least one module in design has a timescale.
WARNING: [XSIM 43-4099] "/home/itzzinfinity/Cozy Drive/100daysofRTL/day_019/project_1/project_1.srcs/sources_1/new/full_adder.v" Line 1. Module full_adder doesn't have a timescale but at least one module in design has a timescale.
WARNING: [XSIM 43-4099] "/home/itzzinfinity/Cozy Drive/100daysofRTL/day_019/project_1/project_1.srcs/sources_1/new/full_adder.v" Line 1. Module full_adder doesn't have a timescale but at least one module in design has a timescale.
Completed simulation data flow analysis
Time Resolution for simulation is 1ps
Compiling module xil_defaultlib.full_adder
Compiling module xil_defaultlib.mux_2_to_1
Compiling module xil_defaultlib.carry_skip_adder
Compiling module xil_defaultlib.tb_carry_skip_adder
Compiling module xil_defaultlib.glbl
Built simulation snapshot tb_carry_skip_adder_behav
