Vivado Simulator v2024.1
Copyright 1986-2022 Xilinx, Inc. All Rights Reserved.
Copyright 2022-2024 Advanced Micro Devices, Inc. All Rights Reserved.
Running: /home/itzzinfinity/Xilinx/Vivado/2024.1/bin/unwrapped/lnx64.o/xelab --incr --debug typical --relax --mt 8 -L xil_defaultlib -L unisims_ver -L unimacro_ver -L secureip --snapshot even_parity_check_tb_behav xil_defaultlib.even_parity_check_tb xil_defaultlib.glbl -log elaborate.log 
Using 8 slave threads.
Starting static elaboration
Pass Through NonSizing Optimizer
Completed static elaboration
Starting simulation data flow analysis
WARNING: [XSIM 43-4099] "/home/itzzinfinity/Cozy Drive/100daysofRTL/project_2/project_2.srcs/sources_1/new/even_parity_checker.v" Line 9. Module even_parity_checker doesn't have a timescale but at least one module in design has a timescale.
WARNING: [XSIM 43-4099] "/home/itzzinfinity/Cozy Drive/100daysofRTL/day_020/src/even_parity_gen.v" Line 9. Module even_parity_gen doesn't have a timescale but at least one module in design has a timescale.
WARNING: [XSIM 43-4099] "/home/itzzinfinity/Cozy Drive/100daysofRTL/project_2/project_2.srcs/sources_1/new/even_parity_checker.v" Line 9. Module even_parity_checker doesn't have a timescale but at least one module in design has a timescale.
WARNING: [XSIM 43-4099] "/home/itzzinfinity/Cozy Drive/100daysofRTL/day_020/src/even_parity_gen.v" Line 9. Module even_parity_gen doesn't have a timescale but at least one module in design has a timescale.
Completed simulation data flow analysis
Time Resolution for simulation is 1ps
Compiling module xil_defaultlib.even_parity_gen
Compiling module xil_defaultlib.even_parity_checker
Compiling module xil_defaultlib.even_parity_check_tb
Compiling module xil_defaultlib.glbl
Built simulation snapshot even_parity_check_tb_behav
