Vivado Simulator v2024.1
Copyright 1986-2022 Xilinx, Inc. All Rights Reserved.
Copyright 2022-2024 Advanced Micro Devices, Inc. All Rights Reserved.
Running: /home/itzzinfinity/Xilinx/Vivado/2024.1/bin/unwrapped/lnx64.o/xelab --incr --debug typical --relax --mt 8 -L xil_defaultlib -L unisims_ver -L unimacro_ver -L secureip --snapshot PIPO_tb_behav xil_defaultlib.PIPO_tb xil_defaultlib.glbl -log elaborate.log 
Using 8 slave threads.
Starting static elaboration
Pass Through NonSizing Optimizer
Completed static elaboration
Starting simulation data flow analysis
WARNING: [XSIM 43-4099] "/home/itzzinfinity/Cozy Drive/100daysofRTL/day_056/src/D_flipflop.v" Line 2. Module D_flipflop doesn't have a timescale but at least one module in design has a timescale.
WARNING: [XSIM 43-4099] "/home/itzzinfinity/Cozy Drive/100daysofRTL/day_056/src/D_flipflop.v" Line 2. Module D_flipflop doesn't have a timescale but at least one module in design has a timescale.
WARNING: [XSIM 43-4099] "/home/itzzinfinity/Cozy Drive/100daysofRTL/day_056/src/D_flipflop.v" Line 2. Module D_flipflop doesn't have a timescale but at least one module in design has a timescale.
WARNING: [XSIM 43-4099] "/home/itzzinfinity/Cozy Drive/100daysofRTL/day_056/src/D_flipflop.v" Line 2. Module D_flipflop doesn't have a timescale but at least one module in design has a timescale.
WARNING: [XSIM 43-4099] "/home/itzzinfinity/Cozy Drive/100daysofRTL/day_056/src/D_flipflop.v" Line 2. Module D_flipflop doesn't have a timescale but at least one module in design has a timescale.
WARNING: [XSIM 43-4099] "/home/itzzinfinity/Cozy Drive/100daysofRTL/day_056/src/D_flipflop.v" Line 2. Module D_flipflop doesn't have a timescale but at least one module in design has a timescale.
WARNING: [XSIM 43-4099] "/home/itzzinfinity/Cozy Drive/100daysofRTL/day_056/src/D_flipflop.v" Line 2. Module D_flipflop doesn't have a timescale but at least one module in design has a timescale.
WARNING: [XSIM 43-4099] "/home/itzzinfinity/Cozy Drive/100daysofRTL/day_056/src/D_flipflop.v" Line 2. Module D_flipflop doesn't have a timescale but at least one module in design has a timescale.
Completed simulation data flow analysis
Time Resolution for simulation is 1ps
Compiling module xil_defaultlib.D_flipflop
Compiling module xil_defaultlib.PIPO
Compiling module xil_defaultlib.PIPO_tb
Compiling module xil_defaultlib.glbl
Built simulation snapshot PIPO_tb_behav
